Base path: C:/Program Files (x86)/Unity/Editor/Data
Pipe name: \\.\pipe\UnityShaderCompiler-3-1673400
Cmd: getPlatforms
Cmd: compileSnippet
  api=8 type=0 insize=901 outsize=1690 kw= ok=1
Cmd: compileSnippet
  api=8 type=1 insize=901 outsize=1048 kw= ok=1
Cmd: compileSnippet
  api=8 type=0 insize=1770 outsize=2430 kw= ok=1
Cmd: compileSnippet
  api=8 type=1 insize=1770 outsize=2040 kw= ok=1
Cmd: compileSnippet
  api=8 type=0 insize=1381 outsize=1950 kw= ok=1
Cmd: compileSnippet
  api=8 type=0 insize=2154 outsize=2958 kw= ok=1
Cmd: compileSnippet
  api=8 type=1 insize=2154 outsize=2584 kw= ok=1
Cmd: compileSnippet
  api=8 type=0 insize=1788 outsize=2430 kw= ok=1
Cmd: compileSnippet
  api=1 type=1 insize=1788 outsize=362 kw= ok=1
Cmd: compileSnippet
  api=8 type=1 insize=2219 outsize=2584 kw= ok=1
Cmd: compileSnippet
  api=8 type=0 insize=1852 outsize=2430 kw= ok=1
Cmd: compileSnippet
  api=8 type=1 insize=1852 outsize=2032 kw= ok=1
Cmd: compileSnippet
  api=8 type=0 insize=924 outsize=1690 kw= ok=1
Cmd: compileSnippet
  api=8 type=1 insize=924 outsize=1113 kw= ok=1
Cmd: compileSnippet
  api=8 type=0 insize=2137 outsize=2958 kw= ok=1
Cmd: compileSnippet
  api=1 type=0 insize=1329 outsize=186 kw= ok=1
Cmd: compileSnippet
  api=8 type=1 insize=1329 outsize=1682 kw= ok=1
Cmd: compileSnippet
  api=8 type=0 insize=1252 outsize=1950 kw= ok=1
Cmd: compileSnippet
  api=8 type=1 insize=1237 outsize=1690 kw= ok=1
Cmd: compileSnippet
  api=8 type=0 insize=2284 outsize=2958 kw= ok=1
Cmd: compileSnippet
  api=8 type=1 insize=2284 outsize=3494 kw= ok=1
Cmd: compileSnippet
  api=8 type=0 insize=942 outsize=1690 kw= ok=1
Cmd: compileSnippet
  api=1 type=0 insize=1051 outsize=158 kw= ok=1
Cmd: compileSnippet
  api=8 type=1 insize=1051 outsize=2015 kw= ok=1
Cmd: compileSnippet
  api=8 type=0 insize=1917 outsize=2430 kw= ok=1
Cmd: compileSnippet
  api=8 type=1 insize=1917 outsize=2974 kw= ok=1
